
Started Import Process
# System Details: 
Debug Mode 		: Disabled
Operating System 	: Linux
Software 		: Apache/2.4.62 (Debian)
MySQL version 		: 8.0.42
XML Reader 		: Yes
PHP Version 		: 8.2.29
PHP Max Input Vars 	: 1000
PHP Max Post Size 	: 8M
PHP Extension GD 	: Yes
PHP Max Execution Time 	: 30
Max Upload Size 	: 2 MB
Memory Limit 		: Current memory limit 40M. We recommend setting memory to at least 64M.
Timezone 		: 0

-----

Importing Started! - 05:22:58 UTC
---

WHY IMPORT PROCESS CAN FAIL? READ THIS - 
https://wpastra.com/docs/?p=1314&utm_source=demo-import-panel&utm_campaign=import-error&utm_medium=wp-dashboard

---

Flow ID 17
Flow ID 18
Flow ID 19
Inserted WP Form 20
Cache for Astra Addon cleared.
Batch Process Started..
Starter Templates - Importing Images for Blog name 'Query OPT' (1)